mktextfm ptmr7t
mktextfm ptmr7t
mktextfm ptmr7t
mktextfm ptmb7t
mktextfm nullfont
mktextfm phvb7t
mktextfm nullfont
mktextfm ptmro7t
mktextfm pcrr7t
mktextfm ptmb7t
mktextfm nullfont
mktextfm ptmr7t
mktextfm ptmb7t
mktextfm nullfont
mktextfm phvr7t
mktextfm phvb7t
mktextfm nullfont
mktextfm ptmr7t
mktextfm ptmr7t
mktextfm ptmr7t
mktextfm ptmb7t
mktextfm nullfont
mktextfm phvb7t
mktextfm nullfont
mktextfm ptmro7t
mktextfm pcrr7t
mktextfm ptmb7t
mktextfm nullfont
mktextfm ptmr7t
mktextfm ptmb7t
mktextfm nullfont
mktextfm phvr7t
mktextfm phvb7t
mktextfm nullfont
mktextfm ecrm1000
mktextfm tcst1000
mktextfm nullfont
mktextfm ecrm1000
mktextfm tcst1000
mktextfm nullfont
mktextfm ecrm1000
mktextfm tcst1000
mktextfm nullfont
mktextfm ecrm1000
mktextfm tcst1000
mktextfm nullfont
mktextfm ecrm1000
mktextfm ecrm1000
mktextfm ecrm1000
mktextfm ecrm1000
mktextfm ecrm1000
mktextfm ecrm1000
